<?xml version="1.0" encoding="UTF-8"?>
<!-- Generated by org.testng.reporters.JUnitReportReporter -->
<testsuite skipped="0" hostname="LAPTOP-86DFKGPL" name="com.prestashop.tests.PrestashopLoginPositiveScenarios" tests="1" failures="0" timestamp="20 Jun 2018 16:55:55 GMT" time="17.162" errors="0">
  <testcase name="loginTest" time="17.162" classname="com.prestashop.tests.PrestashopLoginPositiveScenarios"/>
</testsuite> <!-- com.prestashop.tests.PrestashopLoginPositiveScenarios -->
