<?xml version="1.0" encoding="UTF-8"?>
<!-- Generated by org.testng.reporters.JUnitReportReporter -->
<testsuite skipped="0" hostname="LAPTOP-86DFKGPL" name="com.prestashop.tests.PrestashopLoginNegativeScenarios" tests="4" failures="0" timestamp="20 Jun 2018 15:13:32 GMT" time="25.004" errors="0">
  <testcase name="blankPasswordTest" time="5.610" classname="com.prestashop.tests.PrestashopLoginNegativeScenarios"/>
  <testcase name="wrongCredentialsTest" time="6.981" classname="com.prestashop.tests.PrestashopLoginNegativeScenarios"/>
  <testcase name="invalidEmailTest" time="6.753" classname="com.prestashop.tests.PrestashopLoginNegativeScenarios"/>
  <testcase name="blankEmailTest" time="5.660" classname="com.prestashop.tests.PrestashopLoginNegativeScenarios"/>
</testsuite> <!-- com.prestashop.tests.PrestashopLoginNegativeScenarios -->
